<?xml version="1.0" encoding="UTF-8"?>
<con:soapui-project activeEnvironment="Default" name="TEST-FUSE-ARCHITECTURE" soapui-version="5.0.0" abortOnError="false" runType="SEQUENTIAL" xmlns:con="http://eviware.com/soapui/config"><con:settings/><con:interface xsi:type="con:RestService" wadlVersion="http://wadl.dev.java.net/2009/02" name="TEST-FUSE-ARCHITECTURE" type="rest" basePath="/cxf/api/camel/rest" definitionUrl="http://localhost:8181/cxf/api/camel/rest?_wadl" xmlns:xsi="http://www.w3.org/2001/XMLSchema-instance"><con:settings/><con:definitionCache/><con:endpoints><con:endpoint>http://localhost:8181</con:endpoint></con:endpoints><con:resource name="/pessoa" path="/pessoa"><con:settings/><con:parameters/><con:resource name="/describe" path="/describe"><con:settings/><con:parameters/><con:method name="POST" method="POST"><con:settings/><con:parameters><con:parameter><con:name>callerIp</con:name><con:value xsi:nil="true"/><con:style>HEADER</con:style><con:default xsi:nil="true"/></con:parameter></con:parameters><con:representation type="REQUEST" id=""><con:mediaType>application/json</con:mediaType><con:params/><con:element xsi:nil="true"/><con:description xsi:nil="true"/></con:representation><con:representation type="RESPONSE" id=""><con:mediaType>application/json</con:mediaType><con:params/><con:element xsi:nil="true"/><con:description xsi:nil="true"/></con:representation><con:request name="Request 1" mediaType="application/json" postQueryString="false"><con:settings><con:setting id="com.eviware.soapui.impl.wsdl.WsdlRequest@request-headers">&lt;xml-fragment/></con:setting></con:settings><con:endpoint>http://localhost:8181</con:endpoint><con:request>{"nome":"","nascimento":636834348161}</con:request><con:originalUri>http://localhost/cxf/api/camel/rest/pessoa/describe</con:originalUri><con:credentials><con:authType>No Authorization</con:authType></con:credentials><con:jmsConfig JMSDeliveryMode="PERSISTENT"/><con:jmsPropertyConfig/><con:parameters><entry key="callerIp" value="1.1.1.1" xmlns="http://eviware.com/soapui/config"/></con:parameters></con:request></con:method></con:resource></con:resource><con:resource name="/api-docs" path="/api-docs"><con:settings/><con:parameters/><con:resource name="/{route: .+}" path="/{route: .+}{route}"><con:settings/><con:parameters><con:parameter><con:name>route</con:name><con:value xsi:nil="true"/><con:style>TEMPLATE</con:style><con:default xsi:nil="true"/></con:parameter></con:parameters><con:method name="GET" method="GET"><con:settings/><con:parameters/><con:representation type="RESPONSE" id=""><con:mediaType>application/json;charset=utf-8</con:mediaType><con:params/><con:element xsi:nil="true"/><con:description xsi:nil="true"/></con:representation><con:request name="Request 1" mediaType="application/json"><con:settings/><con:endpoint>http://localhost:8181</con:endpoint><con:parameters/></con:request></con:method></con:resource><con:method name="GET" method="GET"><con:settings/><con:parameters/><con:representation type="RESPONSE" id=""><con:mediaType>application/json;charset=utf-8</con:mediaType><con:params/><con:element xsi:nil="true"/><con:description xsi:nil="true"/></con:representation><con:request name="Request 1" mediaType="application/json"><con:settings/><con:endpoint>http://localhost:8181</con:endpoint><con:parameters/></con:request></con:method></con:resource></con:interface><con:properties/><con:wssContainer/><con:oAuth2ProfileContainer/></con:soapui-project>