<?xml version="1.0" encoding="UTF-8"?>
<con:soapui-project activeEnvironment="Default" name="TEST-FUSE-ARCHITECTURE" soapui-version="5.0.0" abortOnError="false" runType="SEQUENTIAL" resourceRoot="" xmlns:con="http://eviware.com/soapui/config"><con:settings/><con:interface xsi:type="con:RestService" wadlVersion="http://wadl.dev.java.net/2009/02" name="TEST-FUSE-ARCHITECTURE" type="rest" basePath="/cxf/api/camel/rest" definitionUrl="http://localhost:8181/cxf/api/camel/rest?_wadl" xmlns:xsi="http://www.w3.org/2001/XMLSchema-instance"><con:settings/><con:definitionCache/><con:endpoints><con:endpoint>http://localhost:8181</con:endpoint></con:endpoints><con:resource name="/pessoa" path="/pessoa"><con:settings/><con:parameters/><con:resource name="/describe" path="/describe"><con:settings/><con:parameters><con:parameter><con:name>Authorization</con:name><con:value/><con:style>HEADER</con:style><con:default/><con:description xsi:nil="true"/></con:parameter></con:parameters><con:method name="POST" method="POST"><con:settings/><con:parameters><con:parameter><con:name>callerIp</con:name><con:value xsi:nil="true"/><con:style>HEADER</con:style><con:default xsi:nil="true"/></con:parameter></con:parameters><con:representation type="REQUEST" id=""><con:mediaType>application/json</con:mediaType><con:params/><con:element xsi:nil="true"/><con:description xsi:nil="true"/></con:representation><con:representation type="RESPONSE" id=""><con:mediaType>application/json</con:mediaType><con:params/><con:element xsi:nil="true"/><con:description xsi:nil="true"/></con:representation><con:request name="Request 1" mediaType="application/json" postQueryString="false"><con:settings><con:setting id="com.eviware.soapui.impl.wsdl.WsdlRequest@request-headers">&lt;xml-fragment/></con:setting></con:settings><con:endpoint>http://localhost:8181</con:endpoint><con:request>{"nome":"1234","nascimento":636834348161}</con:request><con:originalUri>http://localhost/cxf/api/camel/rest/pessoa/describe</con:originalUri><con:credentials><con:authType>No Authorization</con:authType></con:credentials><con:jmsConfig JMSDeliveryMode="PERSISTENT"/><con:jmsPropertyConfig/><con:parameters>
  <con:entry key="Authorization" value="Bearer eyJhbGciOiJSUzI1NiIsInR5cCIgOiAiSldUIiwia2lkIiA6ICJEaUxlX0pHMXluWXlSWGdrclphSTVRN3hnNTNJeVl5dWpKUzZhYmRzTi0wIn0.eyJqdGkiOiIzNjk0MmU0NS05Y2FmLTRmYzAtODU3Ny02NzkxOGUyOWQ5NzAiLCJleHAiOjE0OTAyMDc4MzMsIm5iZiI6MCwiaWF0IjoxNDkwMjA3NTMzLCJpc3MiOiJodHRwOi8vbG9jYWxob3N0OjgwODAvYXV0aC9yZWFsbXMvcG9ydG9zZWd1cm9jb25lY3RhLXRlc3QiLCJhdWQiOiJmdXNlLWNsaWVudCIsInN1YiI6ImFhNzZiZDgyLTU0ZmEtNDIzYS04YWZkLThlNjU4NTUwOWUyZSIsInR5cCI6IkJlYXJlciIsImF6cCI6ImZ1c2UtY2xpZW50IiwiYXV0aF90aW1lIjoxNDkwMjA3NTMyLCJzZXNzaW9uX3N0YXRlIjoiMWRiZmRmNWQtYzc5ZC00YjNhLWFiZmEtZTljNzYzYjUyMDQxIiwiYWNyIjoiMSIsImNsaWVudF9zZXNzaW9uIjoiZjliMDZlZWQtMTQxYS00Yjg1LWE1NzAtMWE1NTYyMmFlMmI0IiwiYWxsb3dlZC1vcmlnaW5zIjpbImh0dHA6Ly9sb2NhbGhvc3Q6ODE4MSJdLCJyZWFsbV9hY2Nlc3MiOnsicm9sZXMiOlsicG9ydG9zZWd1cm9jb25lY3RhIiwidW1hX2F1dGhvcml6YXRpb24iXX0sInJlc291cmNlX2FjY2VzcyI6eyJmdXNlLWNsaWVudCI6eyJyb2xlcyI6WyJwb3J0b3NlZ3Vyb2NvbmVjdGEiXX0sImFjY291bnQiOnsicm9sZXMiOlsibWFuYWdlLWFjY291bnQiLCJ2aWV3LXByb2ZpbGUiXX19LCJuYW1lIjoiQW5nZWxvIFNvdXphIiwicHJlZmVycmVkX3VzZXJuYW1lIjoiYXNvdXphIiwiZ2l2ZW5fbmFtZSI6IkFuZ2VsbyIsImZhbWlseV9uYW1lIjoiU291emEiLCJlbWFpbCI6ImFzb3V6YUByZWRoYXQuY29tIn0.EEi4Wc3f2L0B-2gAa1OIGP317qsln1GsC5F85D_V_WAh0Fq78S2xxkurKDYnDoMF1uQF6k9Qhg3zVtFKSdUsjF5QdNPYkhwgnEwcooo4CdxspB1rmagccBy6qDLXC5ouQKk-z73ht-RaDea0eQQLippi2mCNfK_ikh2PhekHBbUbDeDywk4EJ7rpPJKkg6ujMaNLYscHQHQXL7yFGmygrc6sHyhx63faUhY4NocI9b6v-BrosV490d2JRnTfC1JvOW6eq56B39yrL2BrROdxuMCHSohvLXmEm5ZXDZnNufAeczprI5N96QPhH6WMwUX0LRom1a0mcSR4puaTR5iyCw.eyJqdGkiOiIzNjk0MmU0NS05Y2FmLTRmYzAtODU3Ny02NzkxOGUyOWQ5NzAiLCJleHAiOjE0OTAyMDc4MzMsIm5iZiI6MCwiaWF0IjoxNDkwMjA3NTMzLCJpc3MiOiJodHRwOi8vbG9jYWxob3N0OjgwODAvYXV0aC9yZWFsbXMvcG9ydG9zZWd1cm9jb25lY3RhLXRlc3QiLCJhdWQiOiJmdXNlLWNsaWVudCIsInN1YiI6ImFhNzZiZDgyLTU0ZmEtNDIzYS04YWZkLThlNjU4NTUwOWUyZSIsInR5cCI6IkJlYXJlciIsImF6cCI6ImZ1c2UtY2xpZW50IiwiYXV0aF90aW1lIjoxNDkwMjA3NTMyLCJzZXNzaW9uX3N0YXRlIjoiMWRiZmRmNWQtYzc5ZC00YjNhLWFiZmEtZTljNzYzYjUyMDQxIiwiYWNyIjoiMSIsImNsaWVudF9zZXNzaW9uIjoiZjliMDZlZWQtMTQxYS00Yjg1LWE1NzAtMWE1NTYyMmFlMmI0IiwiYWxsb3dlZC1vcmlnaW5zIjpbImh0dHA6Ly9sb2NhbGhvc3Q6ODE4MSJdLCJyZWFsbV9hY2Nlc3MiOnsicm9sZXMiOlsicG9ydG9zZWd1cm9jb25lY3RhIiwidW1hX2F1dGhvcml6YXRpb24iXX0sInJlc291cmNlX2FjY2VzcyI6eyJmdXNlLWNsaWVudCI6eyJyb2xlcyI6WyJwb3J0b3NlZ3Vyb2NvbmVjdGEiXX0sImFjY291bnQiOnsicm9sZXMiOlsibWFuYWdlLWFjY291bnQiLCJ2aWV3LXByb2ZpbGUiXX19LCJuYW1lIjoiQW5nZWxvIFNvdXphIiwicHJlZmVycmVkX3VzZXJuYW1lIjoiYXNvdXphIiwiZ2l2ZW5fbmFtZSI6IkFuZ2VsbyIsImZhbWlseV9uYW1lIjoiU291emEiLCJlbWFpbCI6ImFzb3V6YUByZWRoYXQuY29tIn0.EEi4Wc3f2L0B-2gAa1OIGP317qsln1GsC5F85D_V_WAh0Fq78S2xxkurKDYnDoMF1uQF6k9Qhg3zVtFKSdUsjF5QdNPYkhwgnEwcooo4CdxspB1rmagccBy6qDLXC5ouQKk-z73ht-RaDea0eQQLippi2mCNfK_ikh2PhekHBbUbDeDywk4EJ7rpPJKkg6ujMaNLYscHQHQXL7yFGmygrc6sHyhx63faUhY4NocI9b6v-BrosV490d2JRnTfC1JvOW6eq56B39yrL2BrROdxuMCHSohvLXmEm5ZXDZnNufAeczprI5N96QPhH6WMwUX0LRom1a0mcSR4puaTR5iyCw expires_in "/>
  <con:entry key="callerIp" value="1.1.1.1"/>
</con:parameters><con:parameterOrder><con:entry>callerIp</con:entry><con:entry>Authorization</con:entry></con:parameterOrder></con:request></con:method></con:resource></con:resource><con:resource name="/api-docs" path="/api-docs"><con:settings/><con:parameters/><con:resource name="/{route: .+}" path="/{route: .+}{route}"><con:settings/><con:parameters><con:parameter><con:name>route</con:name><con:value xsi:nil="true"/><con:style>TEMPLATE</con:style><con:default xsi:nil="true"/></con:parameter></con:parameters><con:method name="GET" method="GET"><con:settings/><con:parameters/><con:representation type="RESPONSE" id=""><con:mediaType>application/json;charset=utf-8</con:mediaType><con:params/><con:element xsi:nil="true"/><con:description xsi:nil="true"/></con:representation><con:request name="Request 1" mediaType="application/json"><con:settings/><con:endpoint>http://localhost:8181</con:endpoint><con:parameters/></con:request></con:method></con:resource><con:method name="GET" method="GET"><con:settings/><con:parameters/><con:representation type="RESPONSE" id=""><con:mediaType>application/json;charset=utf-8</con:mediaType><con:params/><con:element xsi:nil="true"/><con:description xsi:nil="true"/></con:representation><con:request name="Request 1" mediaType="application/json"><con:settings/><con:endpoint>http://localhost:8181</con:endpoint><con:parameters/></con:request></con:method></con:resource></con:interface><con:interface xsi:type="con:WsdlInterface" wsaVersion="NONE" name="PessoaSOAPServiceServiceSoapBinding" type="wsdl" bindingName="{http://soap.webservices.fuse.consulting.brazil.redhat.com/}PessoaSOAPServiceServiceSoapBinding" soapVersion="1_1" anonymous="optional" definition="http://localhost:8181/cxf/api/camel/PessoaService?wsdl" xmlns:xsi="http://www.w3.org/2001/XMLSchema-instance"><con:settings/><con:definitionCache type="TEXT" rootPart="http://localhost:8181/cxf/api/camel/PessoaService?wsdl"><con:part><con:url>http://localhost:8181/cxf/api/camel/PessoaService?wsdl</con:url><con:content><![CDATA[<wsdl:definitions name="PessoaSOAPServiceService" targetNamespace="http://soap.webservices.fuse.consulting.brazil.redhat.com/" xmlns:xsd="http://www.w3.org/2001/XMLSchema" xmlns:wsdl="http://schemas.xmlsoap.org/wsdl/" xmlns:tns="http://soap.webservices.fuse.consulting.brazil.redhat.com/" xmlns:soap="http://schemas.xmlsoap.org/wsdl/soap/" xmlns:ns1="http://schemas.xmlsoap.org/soap/http">
  <wsdl:types>
    <xs:schema attributeFormDefault="unqualified" elementFormDefault="unqualified" targetNamespace="http://soap.webservices.fuse.consulting.brazil.redhat.com/" xmlns:xs="http://www.w3.org/2001/XMLSchema">
      <xs:element name="describePessoa" type="tns:describePessoa"/>
      <xs:element name="describePessoaResponse" type="tns:describePessoaResponse"/>
      <xs:element name="exceptionMessage" type="tns:exceptionMessage"/>
      <xs:complexType name="describePessoa">
        <xs:sequence>
          <xs:element minOccurs="0" name="pessoa" type="tns:pessoa"/>
        </xs:sequence>
      </xs:complexType>
      <xs:complexType name="pessoa">
        <xs:sequence>
          <xs:element minOccurs="0" name="nascimento" type="xs:dateTime"/>
          <xs:element minOccurs="0" name="nome" type="xs:string"/>
        </xs:sequence>
      </xs:complexType>
      <xs:complexType name="describePessoaResponse">
        <xs:sequence>
          <xs:element minOccurs="0" name="result" type="xs:string"/>
        </xs:sequence>
      </xs:complexType>
      <xs:complexType name="exceptionMessage">
        <xs:sequence>
          <xs:element name="statusCode" type="xs:int"/>
          <xs:element minOccurs="0" name="message" type="xs:string"/>
        </xs:sequence>
      </xs:complexType>
      <xs:element name="InvalidPessoa" type="tns:InvalidPessoa"/>
      <xs:complexType name="InvalidPessoa">
        <xs:sequence>
          <xs:element minOccurs="0" ref="tns:exceptionMessage"/>
          <xs:element maxOccurs="unbounded" minOccurs="0" name="classContext" type="xs:string"/>
          <xs:element minOccurs="0" name="message" type="xs:string"/>
        </xs:sequence>
      </xs:complexType>
      <xs:element name="callerIp" nillable="true" type="xs:string"/>
    </xs:schema>
  </wsdl:types>
  <wsdl:message name="InvalidPessoa">
    <wsdl:part element="tns:InvalidPessoa" name="InvalidPessoa"></wsdl:part>
  </wsdl:message>
  <wsdl:message name="describePessoaResponse">
    <wsdl:part element="tns:describePessoaResponse" name="parameters"></wsdl:part>
  </wsdl:message>
  <wsdl:message name="describePessoa">
    <wsdl:part element="tns:describePessoa" name="parameters"></wsdl:part>
    <wsdl:part element="tns:callerIp" name="callerIp"></wsdl:part>
  </wsdl:message>
  <wsdl:portType name="PessoaSOAPService">
    <wsdl:operation name="describePessoa">
      <wsdl:input message="tns:describePessoa" name="describePessoa"></wsdl:input>
      <wsdl:output message="tns:describePessoaResponse" name="describePessoaResponse"></wsdl:output>
      <wsdl:fault message="tns:InvalidPessoa" name="InvalidPessoa"></wsdl:fault>
    </wsdl:operation>
  </wsdl:portType>
  <wsdl:binding name="PessoaSOAPServiceServiceSoapBinding" type="tns:PessoaSOAPService">
    <soap:binding style="document" transport="http://schemas.xmlsoap.org/soap/http"/>
    <wsdl:operation name="describePessoa">
      <soap:operation soapAction="" style="document"/>
      <wsdl:input name="describePessoa">
        <soap:header message="tns:describePessoa" part="callerIp" use="literal"></soap:header>
        <soap:body parts="parameters" use="literal"/>
      </wsdl:input>
      <wsdl:output name="describePessoaResponse">
        <soap:body use="literal"/>
      </wsdl:output>
      <wsdl:fault name="InvalidPessoa">
        <soap:fault name="InvalidPessoa" use="literal"/>
      </wsdl:fault>
    </wsdl:operation>
  </wsdl:binding>
  <wsdl:service name="PessoaSOAPServiceService">
    <wsdl:port binding="tns:PessoaSOAPServiceServiceSoapBinding" name="PessoaSOAPServicePort">
      <soap:address location="http://localhost:8181/cxf/api/camel/PessoaService"/>
    </wsdl:port>
  </wsdl:service>
</wsdl:definitions>]]></con:content><con:type>http://schemas.xmlsoap.org/wsdl/</con:type></con:part></con:definitionCache><con:endpoints><con:endpoint>http://localhost:8181/cxf/api/camel/PessoaService</con:endpoint></con:endpoints><con:operation isOneWay="false" action="" name="describePessoa" bindingOperationName="describePessoa" type="Request-Response" outputName="describePessoaResponse" inputName="describePessoa" receivesAttachments="false" sendsAttachments="false" anonymous="optional"><con:settings/><con:call name="Request 1"><con:settings><con:setting id="com.eviware.soapui.impl.wsdl.WsdlRequest@request-headers">&lt;xml-fragment/></con:setting></con:settings><con:encoding>UTF-8</con:encoding><con:endpoint>http://localhost:8181/cxf/api/camel/PessoaService</con:endpoint><con:request><![CDATA[<soapenv:Envelope xmlns:soapenv="http://schemas.xmlsoap.org/soap/envelope/" xmlns:soap="http://soap.webservices.fuse.consulting.brazil.redhat.com/">
   <soapenv:Header>
      <soap:callerIp>1.1.1.1</soap:callerIp>
   </soapenv:Header>
   <soapenv:Body>
      <soap:describePessoa>
         <!--Optional:-->
         <pessoa>
            <!--Optional:-->
            <nascimento>1980-03-21T12:58:58</nascimento>
            <!--Optional:-->
            <nome></nome>
         </pessoa>
      </soap:describePessoa>
   </soapenv:Body>
</soapenv:Envelope>]]></con:request><con:credentials><con:authType>No Authorization</con:authType></con:credentials><con:jmsConfig JMSDeliveryMode="PERSISTENT"/><con:jmsPropertyConfig/><con:wsaConfig mustUnderstand="NONE" version="200508" action="http://soap.webservices.fuse.consulting.brazil.redhat.com/PessoaSOAPService/describePessoa"/><con:wsrmConfig version="1.2"/></con:call></con:operation></con:interface><con:properties/><con:wssContainer/><con:oAuth2ProfileContainer/></con:soapui-project>